<?xml version="1.0" encoding="UTF-8"?>
<!-- Generated by org.testng.reporters.JUnitXMLReporter -->
<testsuite ignored="0" hostname="DESKTOP-OR6JHQ1" failures="0" tests="2" name="Default test" time="85.764" errors="0" timestamp="2025-03-22T10:38:14 IST">
  <testcase classname="io.cucumber.testng.AbstractTestNGCucumberTests" name="runScenario" time="47.793"/>
  <testcase classname="io.cucumber.testng.AbstractTestNGCucumberTests" name="runScenario" time="33.972"/>
</testsuite> <!-- Default test -->
