<?xml version="1.0" encoding="UTF-8"?>
<!-- Generated by org.testng.reporters.JUnitXMLReporter -->
<testsuite ignored="0" hostname="DESKTOP-OR6JHQ1" failures="0" tests="8" name="Test" time="145.918" errors="0" timestamp="2025-03-24T17:33:17 IST">
  <testcase classname="TestCases.RegisterPageTest" name="registerNewUserUsingRegularPOM" time="33.337"/>
  <testcase classname="io.cucumber.testng.AbstractTestNGCucumberTests" name="runScenario" time="5.996"/>
  <testcase classname="io.cucumber.testng.AbstractTestNGCucumberTests" name="runScenario" time="11.931"/>
  <testcase classname="TestCases.AddToCartPageTest" name="addBirdToCartAndReturnHome" time="13.298"/>
  <testcase classname="TestCases.AddToCartPageTest" name="addCatToCartAndReturnHome" time="10.823"/>
  <testcase classname="TestCases.AddToCartPageTest" name="addDogToCartAndReturnHome" time="8.949"/>
  <testcase classname="TestCases.UpdateCartTest" name="updateCartTest" time="9.324"/>
  <testcase classname="TestCases.CheckOutPageTest" name="CheckOut" time="19.27"/>
</testsuite> <!-- Test -->
