<?xml version="1.0" encoding="UTF-8"?>
<testng-results ignored="0" total="8" passed="8" failed="0" skipped="0">
  <reporter-output>
  </reporter-output>
  <suite started-at="2025-03-26T10:43:45 IST" name="Suite" finished-at="2025-03-26T10:45:50 IST" duration-ms="125124">
    <groups>
      <group name="cucumber">
        <method signature="AbstractTestNGCucumberTests.runScenario(io.cucumber.testng.PickleWrapper,io.cucumber.testng.FeatureWrapper)[pri:0, instance:MyRunner.LoginStepsRunnerTestng@3153ddfc]" name="runScenario" class="io.cucumber.testng.AbstractTestNGCucumberTests"/>
      </group> <!-- cucumber -->
    </groups>
    <test started-at="2025-03-26T10:43:45 IST" name="Test" finished-at="2025-03-26T10:45:50 IST" duration-ms="125124">
      <class name="TestCases.UpdateCartTest">
        <test-method is-config="true" signature="setupClass()[pri:0, instance:TestCases.UpdateCartTest@28a2a3e7]" started-at="2025-03-26T10:45:19 IST" name="setupClass" finished-at="2025-03-26T10:45:19 IST" duration-ms="316" status="PASS">
          <reporter-output>
          </reporter-output>
        </test-method> <!-- setupClass -->
        <test-method signature="updateCartTest()[pri:0, instance:TestCases.UpdateCartTest@28a2a3e7]" started-at="2025-03-26T10:45:19 IST" name="updateCartTest" finished-at="2025-03-26T10:45:28 IST" duration-ms="8756" status="PASS">
          <reporter-output>
          </reporter-output>
        </test-method> <!-- updateCartTest -->
        <test-method is-config="true" signature="tearDownClass()[pri:0, instance:TestCases.UpdateCartTest@28a2a3e7]" started-at="2025-03-26T10:45:28 IST" name="tearDownClass" finished-at="2025-03-26T10:45:28 IST" duration-ms="152" status="PASS">
          <reporter-output>
          </reporter-output>
        </test-method> <!-- tearDownClass -->
      </class> <!-- TestCases.UpdateCartTest -->
      <class name="TestCases.RegisterPageTest">
        <test-method is-config="true" signature="setup(java.lang.String)[pri:0, instance:TestCases.RegisterPageTest@69c43e48]" started-at="2025-03-26T10:43:45 IST" name="setup" finished-at="2025-03-26T10:43:56 IST" duration-ms="11041" status="PASS">
          <params>
            <param index="0">
              <value>
                <![CDATA[${browser}]]>
              </value>
            </param>
          </params>
          <reporter-output>
          </reporter-output>
        </test-method> <!-- setup -->
        <test-method signature="registerNewUserUsingRegularPOM()[pri:0, instance:TestCases.RegisterPageTest@69c43e48]" started-at="2025-03-26T10:43:56 IST" name="registerNewUserUsingRegularPOM" finished-at="2025-03-26T10:44:25 IST" duration-ms="28193" status="PASS">
          <reporter-output>
          </reporter-output>
        </test-method> <!-- registerNewUserUsingRegularPOM -->
        <test-method is-config="true" signature="tearDown()[pri:0, instance:TestCases.RegisterPageTest@69c43e48]" started-at="2025-03-26T10:44:25 IST" name="tearDown" finished-at="2025-03-26T10:44:28 IST" duration-ms="2979" status="PASS">
          <reporter-output>
          </reporter-output>
        </test-method> <!-- tearDown -->
      </class> <!-- TestCases.RegisterPageTest -->
      <class name="TestCases.CheckOutPageTest">
        <test-method is-config="true" signature="setupClass()[pri:0, instance:TestCases.CheckOutPageTest@3f2049b6]" started-at="2025-03-26T10:45:28 IST" name="setupClass" finished-at="2025-03-26T10:45:31 IST" duration-ms="2525" status="PASS">
          <reporter-output>
          </reporter-output>
        </test-method> <!-- setupClass -->
        <test-method signature="CheckOut()[pri:0, instance:TestCases.CheckOutPageTest@3f2049b6]" started-at="2025-03-26T10:45:31 IST" name="CheckOut" finished-at="2025-03-26T10:45:47 IST" duration-ms="15907" status="PASS">
          <reporter-output>
          </reporter-output>
        </test-method> <!-- CheckOut -->
        <test-method is-config="true" signature="close()[pri:0, instance:TestCases.CheckOutPageTest@3f2049b6]" started-at="2025-03-26T10:45:47 IST" name="close" finished-at="2025-03-26T10:45:50 IST" duration-ms="3020" status="PASS">
          <reporter-output>
          </reporter-output>
        </test-method> <!-- close -->
      </class> <!-- TestCases.CheckOutPageTest -->
      <class name="MyRunner.LoginStepsRunnerTestng">
        <test-method is-config="true" signature="setUpClass(org.testng.ITestContext)[pri:0, instance:MyRunner.LoginStepsRunnerTestng@3153ddfc]" started-at="2025-03-26T10:44:28 IST" name="setUpClass" finished-at="2025-03-26T10:44:35 IST" duration-ms="7081" status="PASS">
          <params>
            <param index="0">
              <value>
                <![CDATA[org.testng.TestRunner@4e02f17d]]>
              </value>
            </param>
          </params>
          <reporter-output>
          </reporter-output>
        </test-method> <!-- setUpClass -->
        <test-method signature="runScenario(io.cucumber.testng.PickleWrapper,io.cucumber.testng.FeatureWrapper)[pri:0, instance:MyRunner.LoginStepsRunnerTestng@3153ddfc]" started-at="2025-03-26T10:44:35 IST" name="runScenario" description="Runs Cucumber Scenarios" data-provider="scenarios" finished-at="2025-03-26T10:44:42 IST" duration-ms="6737" status="PASS">
          <params>
            <param index="0">
              <value>
                <![CDATA["Login with invalid credentials"]]>
              </value>
            </param>
            <param index="1">
              <value>
                <![CDATA["Login to JPetStore"]]>
              </value>
            </param>
          </params>
          <reporter-output>
          </reporter-output>
        </test-method> <!-- runScenario -->
        <test-method signature="runScenario(io.cucumber.testng.PickleWrapper,io.cucumber.testng.FeatureWrapper)[pri:0, instance:MyRunner.LoginStepsRunnerTestng@3153ddfc]" started-at="2025-03-26T10:44:42 IST" name="runScenario" description="Runs Cucumber Scenarios" data-provider="scenarios" finished-at="2025-03-26T10:44:48 IST" duration-ms="5710" status="PASS">
          <params>
            <param index="0">
              <value>
                <![CDATA["Login with valid credentials"]]>
              </value>
            </param>
            <param index="1">
              <value>
                <![CDATA["Login to JPetStore"]]>
              </value>
            </param>
          </params>
          <reporter-output>
          </reporter-output>
        </test-method> <!-- runScenario -->
        <test-method is-config="true" signature="tearDownClass()[pri:0, instance:MyRunner.LoginStepsRunnerTestng@3153ddfc]" started-at="2025-03-26T10:44:48 IST" name="tearDownClass" finished-at="2025-03-26T10:44:48 IST" duration-ms="189" status="PASS">
          <reporter-output>
          </reporter-output>
        </test-method> <!-- tearDownClass -->
      </class> <!-- MyRunner.LoginStepsRunnerTestng -->
      <class name="TestCases.AddToCartPageTest">
        <test-method is-config="true" signature="setupClass()[pri:0, instance:TestCases.AddToCartPageTest@60afd40d]" started-at="2025-03-26T10:44:48 IST" name="setupClass" finished-at="2025-03-26T10:44:48 IST" duration-ms="6" status="PASS">
          <reporter-output>
          </reporter-output>
        </test-method> <!-- setupClass -->
        <test-method signature="addBirdToCartAndReturnHome()[pri:1, instance:TestCases.AddToCartPageTest@60afd40d]" started-at="2025-03-26T10:44:48 IST" name="addBirdToCartAndReturnHome" finished-at="2025-03-26T10:44:59 IST" duration-ms="11030" status="PASS">
          <reporter-output>
          </reporter-output>
        </test-method> <!-- addBirdToCartAndReturnHome -->
        <test-method signature="addCatToCartAndReturnHome()[pri:2, instance:TestCases.AddToCartPageTest@60afd40d]" started-at="2025-03-26T10:44:59 IST" name="addCatToCartAndReturnHome" finished-at="2025-03-26T10:45:09 IST" duration-ms="10606" status="PASS">
          <reporter-output>
          </reporter-output>
        </test-method> <!-- addCatToCartAndReturnHome -->
        <test-method signature="addDogToCartAndReturnHome()[pri:3, instance:TestCases.AddToCartPageTest@60afd40d]" started-at="2025-03-26T10:45:09 IST" name="addDogToCartAndReturnHome" finished-at="2025-03-26T10:45:19 IST" duration-ms="9243" status="PASS">
          <reporter-output>
          </reporter-output>
        </test-method> <!-- addDogToCartAndReturnHome -->
        <test-method is-config="true" signature="teardownClass()[pri:0, instance:TestCases.AddToCartPageTest@60afd40d]" started-at="2025-03-26T10:45:19 IST" name="teardownClass" finished-at="2025-03-26T10:45:19 IST" duration-ms="241" status="PASS">
          <reporter-output>
          </reporter-output>
        </test-method> <!-- teardownClass -->
      </class> <!-- TestCases.AddToCartPageTest -->
    </test> <!-- Test -->
  </suite> <!-- Suite -->
</testng-results>
