<?xml version="1.0" encoding="UTF-8"?>
<testng-results ignored="0" total="8" passed="8" failed="0" skipped="0">
  <reporter-output>
  </reporter-output>
  <suite started-at="2025-03-24T12:24:58 IST" name="Suite" finished-at="2025-03-24T12:27:19 IST" duration-ms="140763">
    <groups>
      <group name="cucumber">
        <method signature="AbstractTestNGCucumberTests.runScenario(io.cucumber.testng.PickleWrapper,io.cucumber.testng.FeatureWrapper)[pri:0, instance:MyRunner.LoginStepsRunnerTestng@3153ddfc]" name="runScenario" class="io.cucumber.testng.AbstractTestNGCucumberTests"/>
      </group> <!-- cucumber -->
    </groups>
    <test started-at="2025-03-24T12:24:58 IST" name="Test" finished-at="2025-03-24T12:27:19 IST" duration-ms="140763">
      <class name="TestCases.UpdateCartTest">
        <test-method is-config="true" signature="setupClass()[pri:0, instance:TestCases.UpdateCartTest@28a2a3e7]" started-at="2025-03-24T12:26:52 IST" name="setupClass" finished-at="2025-03-24T12:26:53 IST" duration-ms="119" status="PASS">
          <reporter-output>
          </reporter-output>
        </test-method> <!-- setupClass -->
        <test-method signature="updateCartTest()[pri:0, instance:TestCases.UpdateCartTest@28a2a3e7]" started-at="2025-03-24T12:26:53 IST" name="updateCartTest" finished-at="2025-03-24T12:27:00 IST" duration-ms="7687" status="PASS">
          <reporter-output>
          </reporter-output>
        </test-method> <!-- updateCartTest -->
        <test-method is-config="true" signature="tearDownClass()[pri:0, instance:TestCases.UpdateCartTest@28a2a3e7]" started-at="2025-03-24T12:27:00 IST" name="tearDownClass" finished-at="2025-03-24T12:27:00 IST" duration-ms="239" status="PASS">
          <reporter-output>
          </reporter-output>
        </test-method> <!-- tearDownClass -->
      </class> <!-- TestCases.UpdateCartTest -->
      <class name="TestCases.RegisterPageTest">
        <test-method is-config="true" signature="setup(java.lang.String)[pri:0, instance:TestCases.RegisterPageTest@69c43e48]" started-at="2025-03-24T12:24:59 IST" name="setup" finished-at="2025-03-24T12:25:38 IST" duration-ms="38940" status="PASS">
          <params>
            <param index="0">
              <value>
                <![CDATA[firefox]]>
              </value>
            </param>
          </params>
          <reporter-output>
          </reporter-output>
        </test-method> <!-- setup -->
        <test-method signature="registerNewUserUsingRegularPOM()[pri:0, instance:TestCases.RegisterPageTest@69c43e48]" started-at="2025-03-24T12:25:39 IST" name="registerNewUserUsingRegularPOM" finished-at="2025-03-24T12:25:57 IST" duration-ms="18427" status="PASS">
          <reporter-output>
          </reporter-output>
        </test-method> <!-- registerNewUserUsingRegularPOM -->
        <test-method is-config="true" signature="tearDown()[pri:0, instance:TestCases.RegisterPageTest@69c43e48]" started-at="2025-03-24T12:25:58 IST" name="tearDown" finished-at="2025-03-24T12:26:04 IST" duration-ms="6043" status="PASS">
          <reporter-output>
          </reporter-output>
        </test-method> <!-- tearDown -->
      </class> <!-- TestCases.RegisterPageTest -->
      <class name="TestCases.CheckOutPageTest">
        <test-method is-config="true" signature="setupClass()[pri:0, instance:TestCases.CheckOutPageTest@3f2049b6]" started-at="2025-03-24T12:27:00 IST" name="setupClass" finished-at="2025-03-24T12:27:05 IST" duration-ms="4199" status="PASS">
          <reporter-output>
          </reporter-output>
        </test-method> <!-- setupClass -->
        <test-method signature="CheckOut()[pri:0, instance:TestCases.CheckOutPageTest@3f2049b6]" started-at="2025-03-24T12:27:05 IST" name="CheckOut" finished-at="2025-03-24T12:27:13 IST" duration-ms="8639" status="PASS">
          <reporter-output>
          </reporter-output>
        </test-method> <!-- CheckOut -->
        <test-method is-config="true" signature="close()[pri:0, instance:TestCases.CheckOutPageTest@3f2049b6]" started-at="2025-03-24T12:27:13 IST" name="close" finished-at="2025-03-24T12:27:19 IST" duration-ms="5633" status="PASS">
          <reporter-output>
          </reporter-output>
        </test-method> <!-- close -->
      </class> <!-- TestCases.CheckOutPageTest -->
      <class name="MyRunner.LoginStepsRunnerTestng">
        <test-method is-config="true" signature="setUpClass(org.testng.ITestContext)[pri:0, instance:MyRunner.LoginStepsRunnerTestng@3153ddfc]" started-at="2025-03-24T12:26:04 IST" name="setUpClass" finished-at="2025-03-24T12:26:11 IST" duration-ms="7385" status="PASS">
          <params>
            <param index="0">
              <value>
                <![CDATA[org.testng.TestRunner@f96654]]>
              </value>
            </param>
          </params>
          <reporter-output>
          </reporter-output>
        </test-method> <!-- setUpClass -->
        <test-method signature="runScenario(io.cucumber.testng.PickleWrapper,io.cucumber.testng.FeatureWrapper)[pri:0, instance:MyRunner.LoginStepsRunnerTestng@3153ddfc]" started-at="2025-03-24T12:26:11 IST" name="runScenario" description="Runs Cucumber Scenarios" data-provider="scenarios" finished-at="2025-03-24T12:26:18 IST" duration-ms="6560" status="PASS">
          <params>
            <param index="0">
              <value>
                <![CDATA["Login with invalid credentials"]]>
              </value>
            </param>
            <param index="1">
              <value>
                <![CDATA["Login to JPetStore"]]>
              </value>
            </param>
          </params>
          <reporter-output>
          </reporter-output>
        </test-method> <!-- runScenario -->
        <test-method signature="runScenario(io.cucumber.testng.PickleWrapper,io.cucumber.testng.FeatureWrapper)[pri:0, instance:MyRunner.LoginStepsRunnerTestng@3153ddfc]" started-at="2025-03-24T12:26:18 IST" name="runScenario" description="Runs Cucumber Scenarios" data-provider="scenarios" finished-at="2025-03-24T12:26:23 IST" duration-ms="5070" status="PASS">
          <params>
            <param index="0">
              <value>
                <![CDATA["Login with valid credentials"]]>
              </value>
            </param>
            <param index="1">
              <value>
                <![CDATA["Login to JPetStore"]]>
              </value>
            </param>
          </params>
          <reporter-output>
          </reporter-output>
        </test-method> <!-- runScenario -->
        <test-method is-config="true" signature="tearDownClass()[pri:0, instance:MyRunner.LoginStepsRunnerTestng@3153ddfc]" started-at="2025-03-24T12:26:23 IST" name="tearDownClass" finished-at="2025-03-24T12:26:23 IST" duration-ms="315" status="PASS">
          <reporter-output>
          </reporter-output>
        </test-method> <!-- tearDownClass -->
      </class> <!-- MyRunner.LoginStepsRunnerTestng -->
      <class name="TestCases.AddToCartPageTest">
        <test-method is-config="true" signature="setupClass()[pri:0, instance:TestCases.AddToCartPageTest@60afd40d]" started-at="2025-03-24T12:26:23 IST" name="setupClass" finished-at="2025-03-24T12:26:23 IST" duration-ms="6" status="PASS">
          <reporter-output>
          </reporter-output>
        </test-method> <!-- setupClass -->
        <test-method signature="addBirdToCartAndReturnHome()[pri:1, instance:TestCases.AddToCartPageTest@60afd40d]" started-at="2025-03-24T12:26:23 IST" name="addBirdToCartAndReturnHome" finished-at="2025-03-24T12:26:34 IST" duration-ms="10350" status="PASS">
          <reporter-output>
          </reporter-output>
        </test-method> <!-- addBirdToCartAndReturnHome -->
        <test-method signature="addCatToCartAndReturnHome()[pri:2, instance:TestCases.AddToCartPageTest@60afd40d]" started-at="2025-03-24T12:26:34 IST" name="addCatToCartAndReturnHome" finished-at="2025-03-24T12:26:44 IST" duration-ms="10629" status="PASS">
          <reporter-output>
          </reporter-output>
        </test-method> <!-- addCatToCartAndReturnHome -->
        <test-method signature="addDogToCartAndReturnHome()[pri:3, instance:TestCases.AddToCartPageTest@60afd40d]" started-at="2025-03-24T12:26:44 IST" name="addDogToCartAndReturnHome" finished-at="2025-03-24T12:26:52 IST" duration-ms="7961" status="PASS">
          <reporter-output>
          </reporter-output>
        </test-method> <!-- addDogToCartAndReturnHome -->
        <test-method is-config="true" signature="teardownClass()[pri:0, instance:TestCases.AddToCartPageTest@60afd40d]" started-at="2025-03-24T12:26:52 IST" name="teardownClass" finished-at="2025-03-24T12:26:52 IST" duration-ms="195" status="PASS">
          <reporter-output>
          </reporter-output>
        </test-method> <!-- teardownClass -->
      </class> <!-- TestCases.AddToCartPageTest -->
    </test> <!-- Test -->
  </suite> <!-- Suite -->
</testng-results>
